INFO  - 2013-11-19 12:19:53.939; org.apache.solr.handler.loader.XMLLoader; xsltCacheLifetimeSeconds=60
INFO  - 2013-11-19 12:19:53.939; org.apache.solr.core.CachingDirectoryFactory; return new directory for /home/smiledev/workspaces/workspace_solr_Camper/solr-4.3.1/example/solr/core_de/data/index
INFO  - 2013-11-19 12:19:53.941; org.apache.solr.core.RequestHandlers; created /get: solr.RealTimeGetHandler
INFO  - 2013-11-19 12:19:53.941; org.apache.solr.core.RequestHandlers; adding lazy requestHandler: solr.ReplicationHandler
INFO  - 2013-11-19 12:19:53.941; org.apache.solr.core.RequestHandlers; created /replication: solr.ReplicationHandler
INFO  - 2013-11-19 12:19:53.941; org.apache.solr.core.RequestHandlers; created standard: solr.StandardRequestHandler
INFO  - 2013-11-19 12:19:53.941; org.apache.solr.core.RequestHandlers; adding lazy requestHandler: solr.FieldAnalysisRequestHandler
INFO  - 2013-11-19 12:19:53.941; org.apache.solr.core.RequestHandlers; created /analysis/field: solr.FieldAnalysisRequestHandler
INFO  - 2013-11-19 12:19:53.942; org.apache.solr.core.RequestHandlers; created /update: solr.UpdateRequestHandler
INFO  - 2013-11-19 12:19:53.942; org.apache.solr.core.RequestHandlers; created /admin/: org.apache.solr.handler.admin.AdminHandlers
INFO  - 2013-11-19 12:19:53.942; org.apache.solr.core.RequestHandlers; created /admin/ping: solr.PingRequestHandler
INFO  - 2013-11-19 12:19:53.945; org.apache.solr.core.RequestHandlers; created /dataimport: org.apache.solr.handler.dataimport.DataImportHandler
INFO  - 2013-11-19 12:19:53.945; org.apache.solr.core.RequestHandlers; created /select: solr.SearchHandler
INFO  - 2013-11-19 12:19:53.946; org.apache.solr.handler.loader.XMLLoader; xsltCacheLifetimeSeconds=60
INFO  - 2013-11-19 12:19:53.998; org.apache.solr.search.SolrIndexSearcher; Opening Searcher@2723a4c6 main
INFO  - 2013-11-19 12:19:54.027; org.apache.solr.search.SolrIndexSearcher; Opening Searcher@4e5c6aea main
INFO  - 2013-11-19 12:19:54.039; org.apache.solr.search.SolrIndexSearcher; Opening Searcher@6ca79a7b main
INFO  - 2013-11-19 12:19:54.082; org.apache.solr.update.CommitTracker; Hard AutoCommit: disabled
INFO  - 2013-11-19 12:19:54.082; org.apache.solr.update.CommitTracker; Soft AutoCommit: disabled
INFO  - 2013-11-19 12:19:54.089; org.apache.solr.core.CoreContainer; registering core: core_it
INFO  - 2013-11-19 12:19:54.089; org.apache.solr.core.SolrCore; [core_it] Registered new searcher Searcher@2723a4c6 main{StandardDirectoryReader(segments_3:3 _0(4.3.1):C449)}
INFO  - 2013-11-19 12:19:54.089; org.apache.solr.core.CoreContainer; Creating SolrCore 'core_ja' using instanceDir: solr/core_ja
INFO  - 2013-11-19 12:19:54.090; org.apache.solr.core.SolrResourceLoader; new SolrResourceLoader for directory: 'solr/core_ja/'
INFO  - 2013-11-19 12:19:54.091; org.apache.solr.core.SolrResourceLoader; Adding 'file:/home/smiledev/workspaces/workspace_solr_Camper/solr-4.3.1/example/solr/core_ja/lib/mysql.jar' to classloader
INFO  - 2013-11-19 12:19:54.098; org.apache.solr.update.CommitTracker; Hard AutoCommit: disabled
INFO  - 2013-11-19 12:19:54.098; org.apache.solr.update.CommitTracker; Soft AutoCommit: disabled
INFO  - 2013-11-19 12:19:54.103; org.apache.solr.core.CoreContainer; registering core: core_ca
INFO  - 2013-11-19 12:19:54.103; org.apache.solr.core.SolrCore; [core_ca] Registered new searcher Searcher@4e5c6aea main{StandardDirectoryReader(segments_3:3 _0(4.3.1):C311)}
INFO  - 2013-11-19 12:19:54.103; org.apache.solr.update.CommitTracker; Hard AutoCommit: disabled
INFO  - 2013-11-19 12:19:54.103; org.apache.solr.core.CoreContainer; Creating SolrCore 'core_mx' using instanceDir: solr/core_mx
INFO  - 2013-11-19 12:19:54.103; org.apache.solr.update.CommitTracker; Soft AutoCommit: disabled
INFO  - 2013-11-19 12:19:54.104; org.apache.solr.core.SolrResourceLoader; new SolrResourceLoader for directory: 'solr/core_mx/'
INFO  - 2013-11-19 12:19:54.104; org.apache.solr.core.SolrResourceLoader; Adding 'file:/home/smiledev/workspaces/workspace_solr_Camper/solr-4.3.1/example/solr/core_mx/lib/mysql.jar' to classloader
INFO  - 2013-11-19 12:19:54.108; org.apache.solr.core.CoreContainer; registering core: core_de
INFO  - 2013-11-19 12:19:54.108; org.apache.solr.core.SolrCore; [core_de] Registered new searcher Searcher@6ca79a7b main{StandardDirectoryReader(segments_3:3 _0(4.3.1):C449)}
INFO  - 2013-11-19 12:19:54.108; org.apache.solr.core.CoreContainer; Creating SolrCore 'core_pt' using instanceDir: solr/core_pt
INFO  - 2013-11-19 12:19:54.109; org.apache.solr.core.SolrResourceLoader; new SolrResourceLoader for directory: 'solr/core_pt/'
INFO  - 2013-11-19 12:19:54.109; org.apache.solr.core.SolrResourceLoader; Adding 'file:/home/smiledev/workspaces/workspace_solr_Camper/solr-4.3.1/example/solr/core_pt/lib/mysql.jar' to classloader
INFO  - 2013-11-19 12:19:54.138; org.apache.solr.core.SolrConfig; Adding specified lib dirs to ClassLoader
INFO  - 2013-11-19 12:19:54.138; org.apache.solr.core.SolrResourceLoader; Adding 'file:/home/smiledev/workspaces/workspace_solr_Camper/solr-4.3.1/dist/solr-dataimporthandler-extras-4.3.1.jar' to classloader
INFO  - 2013-11-19 12:19:54.138; org.apache.solr.core.SolrResourceLoader; Adding 'file:/home/smiledev/workspaces/workspace_solr_Camper/solr-4.3.1/dist/solr-dataimporthandler-4.3.1.jar' to classloader
INFO  - 2013-11-19 12:19:54.161; org.apache.solr.core.SolrConfig; Adding specified lib dirs to ClassLoader
INFO  - 2013-11-19 12:19:54.162; org.apache.solr.core.SolrResourceLoader; Adding 'file:/home/smiledev/workspaces/workspace_solr_Camper/solr-4.3.1/dist/solr-dataimporthandler-extras-4.3.1.jar' to classloader
INFO  - 2013-11-19 12:19:54.162; org.apache.solr.core.SolrResourceLoader; Adding 'file:/home/smiledev/workspaces/workspace_solr_Camper/solr-4.3.1/dist/solr-dataimporthandler-4.3.1.jar' to classloader
INFO  - 2013-11-19 12:19:54.164; org.apache.solr.core.SolrConfig; Adding specified lib dirs to ClassLoader
INFO  - 2013-11-19 12:19:54.165; org.apache.solr.core.SolrResourceLoader; Adding 'file:/home/smiledev/workspaces/workspace_solr_Camper/solr-4.3.1/dist/solr-dataimporthandler-extras-4.3.1.jar' to classloader
INFO  - 2013-11-19 12:19:54.165; org.apache.solr.core.SolrResourceLoader; Adding 'file:/home/smiledev/workspaces/workspace_solr_Camper/solr-4.3.1/dist/solr-dataimporthandler-4.3.1.jar' to classloader
INFO  - 2013-11-19 12:19:54.169; org.apache.solr.core.SolrConfig; Using Lucene MatchVersion: LUCENE_43
INFO  - 2013-11-19 12:19:54.179; org.apache.solr.core.SolrConfig; Using Lucene MatchVersion: LUCENE_43
INFO  - 2013-11-19 12:19:54.182; org.apache.solr.core.SolrConfig; Using Lucene MatchVersion: LUCENE_43
INFO  - 2013-11-19 12:19:54.212; org.apache.solr.core.SolrConfig; Loaded SolrConfig: solrconfig.xml
INFO  - 2013-11-19 12:19:54.212; org.apache.solr.schema.IndexSchema; Reading Solr Schema from schema.xml
INFO  - 2013-11-19 12:19:54.218; org.apache.solr.core.SolrConfig; Loaded SolrConfig: solrconfig.xml
INFO  - 2013-11-19 12:19:54.219; org.apache.solr.schema.IndexSchema; Reading Solr Schema from schema.xml
INFO  - 2013-11-19 12:19:54.227; org.apache.solr.core.SolrConfig; Loaded SolrConfig: solrconfig.xml
INFO  - 2013-11-19 12:19:54.227; org.apache.solr.schema.IndexSchema; Reading Solr Schema from schema.xml
INFO  - 2013-11-19 12:19:54.253; org.apache.solr.schema.IndexSchema; [core_mx] Schema name=db
INFO  - 2013-11-19 12:19:54.254; org.apache.solr.schema.IndexSchema; [core_pt] Schema name=db
INFO  - 2013-11-19 12:19:54.259; org.apache.solr.schema.IndexSchema; [core_ja] Schema name=db
INFO  - 2013-11-19 12:19:54.330; org.apache.solr.schema.IndexSchema; unique key field: product_id
INFO  - 2013-11-19 12:19:54.336; org.apache.solr.schema.IndexSchema; unique key field: product_id
INFO  - 2013-11-19 12:19:54.339; org.apache.solr.schema.IndexSchema; unique key field: product_id
INFO  - 2013-11-19 12:19:54.385; org.apache.solr.core.SolrCore; solr.StandardDirectoryFactory
INFO  - 2013-11-19 12:19:54.385; org.apache.solr.core.SolrCore; [core_mx] Opening new SolrCore at solr/core_mx/, dataDir=/home/smiledev/workspaces/workspace_solr_Camper/solr-4.3.1/example/solr/core_mx/data/
INFO  - 2013-11-19 12:19:54.385; org.apache.solr.core.SolrCore; JMX monitoring not detected for core: core_mx
INFO  - 2013-11-19 12:19:54.386; org.apache.solr.core.SolrCore; solr.StandardDirectoryFactory
INFO  - 2013-11-19 12:19:54.386; org.apache.solr.core.CachingDirectoryFactory; return new directory for /home/smiledev/workspaces/workspace_solr_Camper/solr-4.3.1/example/solr/core_mx/data
INFO  - 2013-11-19 12:19:54.386; org.apache.solr.core.SolrCore; New index directory detected: old=null new=/home/smiledev/workspaces/workspace_solr_Camper/solr-4.3.1/example/solr/core_mx/data/index/
INFO  - 2013-11-19 12:19:54.386; org.apache.solr.core.CachingDirectoryFactory; return new directory for /home/smiledev/workspaces/workspace_solr_Camper/solr-4.3.1/example/solr/core_mx/data/index
INFO  - 2013-11-19 12:19:54.387; org.apache.solr.core.RequestHandlers; created /get: solr.RealTimeGetHandler
INFO  - 2013-11-19 12:19:54.387; org.apache.solr.core.RequestHandlers; adding lazy requestHandler: solr.ReplicationHandler
INFO  - 2013-11-19 12:19:54.387; org.apache.solr.core.RequestHandlers; created /replication: solr.ReplicationHandler
INFO  - 2013-11-19 12:19:54.388; org.apache.solr.core.RequestHandlers; created standard: solr.StandardRequestHandler
INFO  - 2013-11-19 12:19:54.388; org.apache.solr.core.RequestHandlers; adding lazy requestHandler: solr.FieldAnalysisRequestHandler
INFO  - 2013-11-19 12:19:54.388; org.apache.solr.core.RequestHandlers; created /analysis/field: solr.FieldAnalysisRequestHandler
INFO  - 2013-11-19 12:19:54.388; org.apache.solr.core.RequestHandlers; created /update: solr.UpdateRequestHandler
INFO  - 2013-11-19 12:19:54.388; org.apache.solr.core.RequestHandlers; created /admin/: org.apache.solr.handler.admin.AdminHandlers
INFO  - 2013-11-19 12:19:54.388; org.apache.solr.core.RequestHandlers; created /admin/ping: solr.PingRequestHandler
INFO  - 2013-11-19 12:19:54.389; org.apache.solr.core.SolrCore; solr.StandardDirectoryFactory
INFO  - 2013-11-19 12:19:54.389; org.apache.solr.core.SolrCore; [core_pt] Opening new SolrCore at solr/core_pt/, dataDir=/home/smiledev/workspaces/workspace_solr_Camper/solr-4.3.1/example/solr/core_pt/data/
INFO  - 2013-11-19 12:19:54.389; org.apache.solr.core.SolrCore; JMX monitoring not detected for core: core_pt
INFO  - 2013-11-19 12:19:54.390; org.apache.solr.core.SolrCore; solr.StandardDirectoryFactory
INFO  - 2013-11-19 12:19:54.392; org.apache.solr.core.CachingDirectoryFactory; return new directory for /home/smiledev/workspaces/workspace_solr_Camper/solr-4.3.1/example/solr/core_pt/data
INFO  - 2013-11-19 12:19:54.393; org.apache.solr.core.SolrCore; New index directory detected: old=null new=/home/smiledev/workspaces/workspace_solr_Camper/solr-4.3.1/example/solr/core_pt/data/index/
INFO  - 2013-11-19 12:19:54.393; org.apache.solr.core.CachingDirectoryFactory; return new directory for /home/smiledev/workspaces/workspace_solr_Camper/solr-4.3.1/example/solr/core_pt/data/index
INFO  - 2013-11-19 12:19:54.394; org.apache.solr.core.RequestHandlers; created /get: solr.RealTimeGetHandler
INFO  - 2013-11-19 12:19:54.394; org.apache.solr.core.RequestHandlers; adding lazy requestHandler: solr.ReplicationHandler
INFO  - 2013-11-19 12:19:54.394; org.apache.solr.core.RequestHandlers; created /replication: solr.ReplicationHandler
INFO  - 2013-11-19 12:19:54.394; org.apache.solr.core.RequestHandlers; created standard: solr.StandardRequestHandler
INFO  - 2013-11-19 12:19:54.394; org.apache.solr.core.RequestHandlers; adding lazy requestHandler: solr.FieldAnalysisRequestHandler
INFO  - 2013-11-19 12:19:54.394; org.apache.solr.core.RequestHandlers; created /analysis/field: solr.FieldAnalysisRequestHandler
INFO  - 2013-11-19 12:19:54.394; org.apache.solr.core.RequestHandlers; created /update: solr.UpdateRequestHandler
INFO  - 2013-11-19 12:19:54.395; org.apache.solr.core.RequestHandlers; created /admin/: org.apache.solr.handler.admin.AdminHandlers
INFO  - 2013-11-19 12:19:54.395; org.apache.solr.core.RequestHandlers; created /admin/ping: solr.PingRequestHandler
INFO  - 2013-11-19 12:19:54.398; org.apache.solr.core.RequestHandlers; created /dataimport: org.apache.solr.handler.dataimport.DataImportHandler
INFO  - 2013-11-19 12:19:54.398; org.apache.solr.core.RequestHandlers; created /select: solr.SearchHandler
INFO  - 2013-11-19 12:19:54.392; org.apache.solr.core.SolrCore; solr.StandardDirectoryFactory
INFO  - 2013-11-19 12:19:54.399; org.apache.solr.core.SolrCore; [core_ja] Opening new SolrCore at solr/core_ja/, dataDir=/home/smiledev/workspaces/workspace_solr_Camper/solr-4.3.1/example/solr/core_ja/data/
INFO  - 2013-11-19 12:19:54.399; org.apache.solr.core.SolrCore; JMX monitoring not detected for core: core_ja
INFO  - 2013-11-19 12:19:54.399; org.apache.solr.core.SolrCore; solr.StandardDirectoryFactory
INFO  - 2013-11-19 12:19:54.392; org.apache.solr.core.RequestHandlers; created /dataimport: org.apache.solr.handler.dataimport.DataImportHandler
INFO  - 2013-11-19 12:19:54.399; org.apache.solr.handler.loader.XMLLoader; xsltCacheLifetimeSeconds=60
INFO  - 2013-11-19 12:19:54.400; org.apache.solr.core.CachingDirectoryFactory; return new directory for /home/smiledev/workspaces/workspace_solr_Camper/solr-4.3.1/example/solr/core_ja/data
INFO  - 2013-11-19 12:19:54.400; org.apache.solr.core.SolrCore; New index directory detected: old=null new=/home/smiledev/workspaces/workspace_solr_Camper/solr-4.3.1/example/solr/core_ja/data/index/
INFO  - 2013-11-19 12:19:54.400; org.apache.solr.core.CachingDirectoryFactory; return new directory for /home/smiledev/workspaces/workspace_solr_Camper/solr-4.3.1/example/solr/core_ja/data/index
INFO  - 2013-11-19 12:19:54.400; org.apache.solr.core.RequestHandlers; created /select: solr.SearchHandler
INFO  - 2013-11-19 12:19:54.401; org.apache.solr.handler.loader.XMLLoader; xsltCacheLifetimeSeconds=60
INFO  - 2013-11-19 12:19:54.403; org.apache.solr.core.RequestHandlers; created /get: solr.RealTimeGetHandler
INFO  - 2013-11-19 12:19:54.403; org.apache.solr.core.RequestHandlers; adding lazy requestHandler: solr.ReplicationHandler
INFO  - 2013-11-19 12:19:54.403; org.apache.solr.core.RequestHandlers; created /replication: solr.ReplicationHandler
INFO  - 2013-11-19 12:19:54.403; org.apache.solr.core.RequestHandlers; created standard: solr.StandardRequestHandler
INFO  - 2013-11-19 12:19:54.404; org.apache.solr.core.RequestHandlers; adding lazy requestHandler: solr.FieldAnalysisRequestHandler
INFO  - 2013-11-19 12:19:54.404; org.apache.solr.core.RequestHandlers; created /analysis/field: solr.FieldAnalysisRequestHandler
INFO  - 2013-11-19 12:19:54.404; org.apache.solr.core.RequestHandlers; created /update: solr.UpdateRequestHandler
INFO  - 2013-11-19 12:19:54.404; org.apache.solr.core.RequestHandlers; created /admin/: org.apache.solr.handler.admin.AdminHandlers
INFO  - 2013-11-19 12:19:54.404; org.apache.solr.core.RequestHandlers; created /admin/ping: solr.PingRequestHandler
INFO  - 2013-11-19 12:19:54.408; org.apache.solr.core.RequestHandlers; created /dataimport: org.apache.solr.handler.dataimport.DataImportHandler
INFO  - 2013-11-19 12:19:54.408; org.apache.solr.core.RequestHandlers; created /select: solr.SearchHandler
INFO  - 2013-11-19 12:19:54.409; org.apache.solr.handler.loader.XMLLoader; xsltCacheLifetimeSeconds=60
INFO  - 2013-11-19 12:19:54.527; org.apache.solr.search.SolrIndexSearcher; Opening Searcher@3096c949 main
INFO  - 2013-11-19 12:19:54.554; org.apache.solr.search.SolrIndexSearcher; Opening Searcher@68593f4e main
INFO  - 2013-11-19 12:19:54.557; org.apache.solr.search.SolrIndexSearcher; Opening Searcher@39c9bd1a main
INFO  - 2013-11-19 12:19:54.573; org.apache.solr.update.CommitTracker; Hard AutoCommit: disabled
INFO  - 2013-11-19 12:19:54.573; org.apache.solr.update.CommitTracker; Soft AutoCommit: disabled
INFO  - 2013-11-19 12:19:54.577; org.apache.solr.update.CommitTracker; Hard AutoCommit: disabled
INFO  - 2013-11-19 12:19:54.577; org.apache.solr.update.CommitTracker; Soft AutoCommit: disabled
INFO  - 2013-11-19 12:19:54.579; org.apache.solr.core.CoreContainer; registering core: core_mx
INFO  - 2013-11-19 12:19:54.580; org.apache.solr.core.SolrCore; [core_mx] Registered new searcher Searcher@3096c949 main{StandardDirectoryReader(segments_3:3 _0(4.3.1):C379)}
INFO  - 2013-11-19 12:19:54.582; org.apache.solr.update.CommitTracker; Hard AutoCommit: disabled
INFO  - 2013-11-19 12:19:54.582; org.apache.solr.update.CommitTracker; Soft AutoCommit: disabled
INFO  - 2013-11-19 12:19:54.581; org.apache.solr.core.CoreContainer; Creating SolrCore 'core_ru' using instanceDir: solr/core_ru
INFO  - 2013-11-19 12:19:54.584; org.apache.solr.core.SolrResourceLoader; new SolrResourceLoader for directory: 'solr/core_ru/'
INFO  - 2013-11-19 12:19:54.584; org.apache.solr.core.SolrCore; [core_pt] Registered new searcher Searcher@68593f4e main{StandardDirectoryReader(segments_3:3 _0(4.3.1):C449)}
INFO  - 2013-11-19 12:19:54.585; org.apache.solr.core.CoreContainer; registering core: core_pt
INFO  - 2013-11-19 12:19:54.585; org.apache.solr.core.CoreContainer; Creating SolrCore 'core_zh' using instanceDir: solr/core_zh
INFO  - 2013-11-19 12:19:54.585; org.apache.solr.core.SolrResourceLoader; new SolrResourceLoader for directory: 'solr/core_zh/'
INFO  - 2013-11-19 12:19:54.586; org.apache.solr.core.SolrResourceLoader; Adding 'file:/home/smiledev/workspaces/workspace_solr_Camper/solr-4.3.1/example/solr/core_zh/lib/mysql.jar' to classloader
INFO  - 2013-11-19 12:19:54.585; org.apache.solr.core.SolrResourceLoader; Adding 'file:/home/smiledev/workspaces/workspace_solr_Camper/solr-4.3.1/example/solr/core_ru/lib/mysql.jar' to classloader
INFO  - 2013-11-19 12:19:54.589; org.apache.solr.core.CoreContainer; registering core: core_ja
INFO  - 2013-11-19 12:19:54.589; org.apache.solr.core.SolrCore; [core_ja] Registered new searcher Searcher@39c9bd1a main{StandardDirectoryReader(segments_3:3 _0(4.3.1):C369)}
INFO  - 2013-11-19 12:19:54.621; org.apache.solr.core.SolrConfig; Adding specified lib dirs to ClassLoader
INFO  - 2013-11-19 12:19:54.621; org.apache.solr.core.SolrResourceLoader; Adding 'file:/home/smiledev/workspaces/workspace_solr_Camper/solr-4.3.1/dist/solr-dataimporthandler-extras-4.3.1.jar' to classloader
INFO  - 2013-11-19 12:19:54.622; org.apache.solr.core.SolrResourceLoader; Adding 'file:/home/smiledev/workspaces/workspace_solr_Camper/solr-4.3.1/dist/solr-dataimporthandler-4.3.1.jar' to classloader
INFO  - 2013-11-19 12:19:54.630; org.apache.solr.core.SolrConfig; Adding specified lib dirs to ClassLoader
INFO  - 2013-11-19 12:19:54.631; org.apache.solr.core.SolrResourceLoader; Adding 'file:/home/smiledev/workspaces/workspace_solr_Camper/solr-4.3.1/dist/solr-dataimporthandler-extras-4.3.1.jar' to classloader
INFO  - 2013-11-19 12:19:54.631; org.apache.solr.core.SolrResourceLoader; Adding 'file:/home/smiledev/workspaces/workspace_solr_Camper/solr-4.3.1/dist/solr-dataimporthandler-4.3.1.jar' to classloader
INFO  - 2013-11-19 12:19:54.637; org.apache.solr.core.SolrConfig; Using Lucene MatchVersion: LUCENE_43
INFO  - 2013-11-19 12:19:54.660; org.apache.solr.core.SolrConfig; Using Lucene MatchVersion: LUCENE_43
INFO  - 2013-11-19 12:19:54.672; org.apache.solr.core.SolrConfig; Loaded SolrConfig: solrconfig.xml
INFO  - 2013-11-19 12:19:54.673; org.apache.solr.schema.IndexSchema; Reading Solr Schema from schema.xml
INFO  - 2013-11-19 12:19:54.681; org.apache.solr.core.SolrConfig; Loaded SolrConfig: solrconfig.xml
INFO  - 2013-11-19 12:19:54.682; org.apache.solr.schema.IndexSchema; Reading Solr Schema from schema.xml
INFO  - 2013-11-19 12:19:54.700; org.apache.solr.schema.IndexSchema; [core_ru] Schema name=db
INFO  - 2013-11-19 12:19:54.700; org.apache.solr.schema.IndexSchema; [core_zh] Schema name=db
INFO  - 2013-11-19 12:19:54.753; org.apache.solr.schema.IndexSchema; unique key field: product_id
INFO  - 2013-11-19 12:19:54.755; org.apache.solr.schema.IndexSchema; unique key field: product_id
INFO  - 2013-11-19 12:19:54.766; org.apache.solr.core.SolrCore; solr.StandardDirectoryFactory
INFO  - 2013-11-19 12:19:54.766; org.apache.solr.core.SolrCore; [core_zh] Opening new SolrCore at solr/core_zh/, dataDir=/home/smiledev/workspaces/workspace_solr_Camper/solr-4.3.1/example/solr/core_zh/data/
INFO  - 2013-11-19 12:19:54.766; org.apache.solr.core.SolrCore; JMX monitoring not detected for core: core_zh
INFO  - 2013-11-19 12:19:54.767; org.apache.solr.core.SolrCore; solr.StandardDirectoryFactory
INFO  - 2013-11-19 12:19:54.767; org.apache.solr.core.CachingDirectoryFactory; return new directory for /home/smiledev/workspaces/workspace_solr_Camper/solr-4.3.1/example/solr/core_zh/data
INFO  - 2013-11-19 12:19:54.767; org.apache.solr.core.SolrCore; New index directory detected: old=null new=/home/smiledev/workspaces/workspace_solr_Camper/solr-4.3.1/example/solr/core_zh/data/index/
INFO  - 2013-11-19 12:19:54.767; org.apache.solr.core.CachingDirectoryFactory; return new directory for /home/smiledev/workspaces/workspace_solr_Camper/solr-4.3.1/example/solr/core_zh/data/index
INFO  - 2013-11-19 12:19:54.768; org.apache.solr.core.RequestHandlers; created /get: solr.RealTimeGetHandler
INFO  - 2013-11-19 12:19:54.768; org.apache.solr.core.RequestHandlers; adding lazy requestHandler: solr.ReplicationHandler
INFO  - 2013-11-19 12:19:54.768; org.apache.solr.core.RequestHandlers; created /replication: solr.ReplicationHandler
INFO  - 2013-11-19 12:19:54.768; org.apache.solr.core.RequestHandlers; created standard: solr.StandardRequestHandler
INFO  - 2013-11-19 12:19:54.768; org.apache.solr.core.RequestHandlers; adding lazy requestHandler: solr.FieldAnalysisRequestHandler
INFO  - 2013-11-19 12:19:54.769; org.apache.solr.core.RequestHandlers; created /analysis/field: solr.FieldAnalysisRequestHandler
INFO  - 2013-11-19 12:19:54.769; org.apache.solr.core.RequestHandlers; created /update: solr.UpdateRequestHandler
INFO  - 2013-11-19 12:19:54.769; org.apache.solr.core.RequestHandlers; created /admin/: org.apache.solr.handler.admin.AdminHandlers
INFO  - 2013-11-19 12:19:54.769; org.apache.solr.core.RequestHandlers; created /admin/ping: solr.PingRequestHandler
INFO  - 2013-11-19 12:19:54.772; org.apache.solr.core.RequestHandlers; created /dataimport: org.apache.solr.handler.dataimport.DataImportHandler
INFO  - 2013-11-19 12:19:54.773; org.apache.solr.core.RequestHandlers; created /select: solr.SearchHandler
INFO  - 2013-11-19 12:19:54.773; org.apache.solr.handler.loader.XMLLoader; xsltCacheLifetimeSeconds=60
INFO  - 2013-11-19 12:19:54.778; org.apache.solr.core.SolrCore; solr.StandardDirectoryFactory
INFO  - 2013-11-19 12:19:54.778; org.apache.solr.core.SolrCore; [core_ru] Opening new SolrCore at solr/core_ru/, dataDir=/home/smiledev/workspaces/workspace_solr_Camper/solr-4.3.1/example/solr/core_ru/data/
INFO  - 2013-11-19 12:19:54.778; org.apache.solr.core.SolrCore; JMX monitoring not detected for core: core_ru
INFO  - 2013-11-19 12:19:54.779; org.apache.solr.core.SolrCore; solr.StandardDirectoryFactory
INFO  - 2013-11-19 12:19:54.779; org.apache.solr.core.CachingDirectoryFactory; return new directory for /home/smiledev/workspaces/workspace_solr_Camper/solr-4.3.1/example/solr/core_ru/data
INFO  - 2013-11-19 12:19:54.779; org.apache.solr.core.SolrCore; New index directory detected: old=null new=/home/smiledev/workspaces/workspace_solr_Camper/solr-4.3.1/example/solr/core_ru/data/index/
INFO  - 2013-11-19 12:19:54.779; org.apache.solr.core.CachingDirectoryFactory; return new directory for /home/smiledev/workspaces/workspace_solr_Camper/solr-4.3.1/example/solr/core_ru/data/index
INFO  - 2013-11-19 12:19:54.780; org.apache.solr.core.RequestHandlers; created /get: solr.RealTimeGetHandler
INFO  - 2013-11-19 12:19:54.780; org.apache.solr.core.RequestHandlers; adding lazy requestHandler: solr.ReplicationHandler
INFO  - 2013-11-19 12:19:54.780; org.apache.solr.core.RequestHandlers; created /replication: solr.ReplicationHandler
INFO  - 2013-11-19 12:19:54.780; org.apache.solr.core.RequestHandlers; created standard: solr.StandardRequestHandler
INFO  - 2013-11-19 12:19:54.780; org.apache.solr.core.RequestHandlers; adding lazy requestHandler: solr.FieldAnalysisRequestHandler
INFO  - 2013-11-19 12:19:54.780; org.apache.solr.core.RequestHandlers; created /analysis/field: solr.FieldAnalysisRequestHandler
INFO  - 2013-11-19 12:19:54.781; org.apache.solr.core.RequestHandlers; created /update: solr.UpdateRequestHandler
INFO  - 2013-11-19 12:19:54.781; org.apache.solr.core.RequestHandlers; created /admin/: org.apache.solr.handler.admin.AdminHandlers
INFO  - 2013-11-19 12:19:54.781; org.apache.solr.core.RequestHandlers; created /admin/ping: solr.PingRequestHandler
INFO  - 2013-11-19 12:19:54.784; org.apache.solr.core.RequestHandlers; created /dataimport: org.apache.solr.handler.dataimport.DataImportHandler
INFO  - 2013-11-19 12:19:54.784; org.apache.solr.core.RequestHandlers; created /select: solr.SearchHandler
INFO  - 2013-11-19 12:19:54.785; org.apache.solr.handler.loader.XMLLoader; xsltCacheLifetimeSeconds=60
INFO  - 2013-11-19 12:19:54.809; org.apache.solr.search.SolrIndexSearcher; Opening Searcher@3cbbad9a main
INFO  - 2013-11-19 12:19:54.834; org.apache.solr.search.SolrIndexSearcher; Opening Searcher@61e51dd2 main
INFO  - 2013-11-19 12:19:54.843; org.apache.solr.update.CommitTracker; Hard AutoCommit: disabled
INFO  - 2013-11-19 12:19:54.843; org.apache.solr.update.CommitTracker; Soft AutoCommit: disabled
INFO  - 2013-11-19 12:19:54.845; org.apache.solr.update.CommitTracker; Hard AutoCommit: disabled
INFO  - 2013-11-19 12:19:54.846; org.apache.solr.update.CommitTracker; Soft AutoCommit: disabled
INFO  - 2013-11-19 12:19:54.849; org.apache.solr.core.SolrCore; [core_zh] Registered new searcher Searcher@3cbbad9a main{StandardDirectoryReader(segments_3:3 _0(4.3.1):C226)}
INFO  - 2013-11-19 12:19:54.849; org.apache.solr.core.CoreContainer; registering core: core_zh
INFO  - 2013-11-19 12:19:54.851; org.apache.solr.core.SolrCore; [core_ru] Registered new searcher Searcher@61e51dd2 main{StandardDirectoryReader(segments_3:3 _0(4.3.1):C304)}
INFO  - 2013-11-19 12:19:54.851; org.apache.solr.core.CoreContainer; registering core: core_ru
INFO  - 2013-11-19 12:19:54.852; org.apache.solr.servlet.SolrDispatchFilter; user.dir=/home/smiledev/workspaces/workspace_solr_Camper/solr-4.3.1/example
INFO  - 2013-11-19 12:19:54.852; org.apache.solr.servlet.SolrDispatchFilter; SolrDispatchFilter.init() done
INFO  - 2013-11-19 12:19:54.871; org.eclipse.jetty.server.AbstractConnector; Started SocketConnector@0.0.0.0:8983
INFO  - 2013-11-19 12:20:04.053; org.apache.solr.servlet.SolrDispatchFilter; [admin] webapp=null path=/admin/cores params={indexInfo=false&_=1384860004046&wt=json} status=0 QTime=3 
INFO  - 2013-11-19 12:20:04.228; org.apache.solr.core.SolrCore; [core_ca] webapp=/solr path=/admin/system params={_=1384860004132&wt=json} status=0 QTime=92 
INFO  - 2013-11-19 12:20:08.847; org.apache.solr.servlet.SolrDispatchFilter; [admin] webapp=null path=/admin/cores params={_=1384860008829&wt=json} status=0 QTime=16 
INFO  - 2013-11-19 12:20:08.950; org.apache.solr.servlet.SolrDispatchFilter; [admin] webapp=null path=/admin/cores params={_=1384860008931&wt=json} status=0 QTime=16 
INFO  - 2013-11-19 12:20:29.609; org.apache.solr.core.CoreContainer; Creating SolrCore 'core_tr' using instanceDir: solr/core_tr
INFO  - 2013-11-19 12:20:29.609; org.apache.solr.core.SolrResourceLoader; new SolrResourceLoader for directory: 'solr/core_tr/'
INFO  - 2013-11-19 12:20:29.610; org.apache.solr.core.SolrResourceLoader; Adding 'file:/home/smiledev/workspaces/workspace_solr_Camper/solr-4.3.1/example/solr/core_tr/lib/mysql.jar' to classloader
INFO  - 2013-11-19 12:20:29.622; org.apache.solr.core.SolrConfig; Adding specified lib dirs to ClassLoader
INFO  - 2013-11-19 12:20:29.623; org.apache.solr.core.SolrResourceLoader; Adding 'file:/home/smiledev/workspaces/workspace_solr_Camper/solr-4.3.1/dist/solr-dataimporthandler-extras-4.3.1.jar' to classloader
INFO  - 2013-11-19 12:20:29.623; org.apache.solr.core.SolrResourceLoader; Adding 'file:/home/smiledev/workspaces/workspace_solr_Camper/solr-4.3.1/dist/solr-dataimporthandler-4.3.1.jar' to classloader
INFO  - 2013-11-19 12:20:29.636; org.apache.solr.core.SolrConfig; Using Lucene MatchVersion: LUCENE_43
INFO  - 2013-11-19 12:20:29.657; org.apache.solr.core.SolrConfig; Loaded SolrConfig: solrconfig.xml
INFO  - 2013-11-19 12:20:29.658; org.apache.solr.schema.IndexSchema; Reading Solr Schema from schema.xml
INFO  - 2013-11-19 12:20:29.665; org.apache.solr.schema.IndexSchema; [core_tr] Schema name=db
INFO  - 2013-11-19 12:20:29.722; org.apache.solr.schema.IndexSchema; unique key field: product_id
INFO  - 2013-11-19 12:20:29.732; org.apache.solr.core.SolrCore; solr.StandardDirectoryFactory
INFO  - 2013-11-19 12:20:29.732; org.apache.solr.core.SolrCore; [core_tr] Opening new SolrCore at solr/core_tr/, dataDir=/home/smiledev/workspaces/workspace_solr_Camper/solr-4.3.1/example/solr/core_tr/data/
INFO  - 2013-11-19 12:20:29.732; org.apache.solr.core.SolrCore; JMX monitoring not detected for core: core_tr
INFO  - 2013-11-19 12:20:29.732; org.apache.solr.core.SolrCore; solr.StandardDirectoryFactory
INFO  - 2013-11-19 12:20:29.733; org.apache.solr.core.CachingDirectoryFactory; return new directory for /home/smiledev/workspaces/workspace_solr_Camper/solr-4.3.1/example/solr/core_tr/data
INFO  - 2013-11-19 12:20:29.733; org.apache.solr.core.SolrCore; New index directory detected: old=null new=/home/smiledev/workspaces/workspace_solr_Camper/solr-4.3.1/example/solr/core_tr/data/index/
WARN  - 2013-11-19 12:20:29.733; org.apache.solr.core.SolrCore; [core_tr] Solr index directory '/home/smiledev/workspaces/workspace_solr_Camper/solr-4.3.1/example/solr/core_tr/data/index' doesn't exist. Creating new index...
INFO  - 2013-11-19 12:20:29.734; org.apache.solr.core.CachingDirectoryFactory; return new directory for /home/smiledev/workspaces/workspace_solr_Camper/solr-4.3.1/example/solr/core_tr/data/index
INFO  - 2013-11-19 12:20:29.835; org.apache.solr.core.SolrDeletionPolicy; SolrDeletionPolicy.onCommit: commits:num=1
	commit{dir=/home/smiledev/workspaces/workspace_solr_Camper/solr-4.3.1/example/solr/core_tr/data/index,segFN=segments_1,generation=1,filenames=[segments_1]
INFO  - 2013-11-19 12:20:29.836; org.apache.solr.core.SolrDeletionPolicy; newest commit = 1[segments_1]
INFO  - 2013-11-19 12:20:29.838; org.apache.solr.core.RequestHandlers; created /get: solr.RealTimeGetHandler
INFO  - 2013-11-19 12:20:29.838; org.apache.solr.core.RequestHandlers; adding lazy requestHandler: solr.ReplicationHandler
INFO  - 2013-11-19 12:20:29.838; org.apache.solr.core.RequestHandlers; created /replication: solr.ReplicationHandler
INFO  - 2013-11-19 12:20:29.839; org.apache.solr.core.RequestHandlers; created standard: solr.StandardRequestHandler
INFO  - 2013-11-19 12:20:29.839; org.apache.solr.core.RequestHandlers; adding lazy requestHandler: solr.FieldAnalysisRequestHandler
INFO  - 2013-11-19 12:20:29.839; org.apache.solr.core.RequestHandlers; created /analysis/field: solr.FieldAnalysisRequestHandler
INFO  - 2013-11-19 12:20:29.840; org.apache.solr.core.RequestHandlers; created /update: solr.UpdateRequestHandler
INFO  - 2013-11-19 12:20:29.840; org.apache.solr.core.RequestHandlers; created /admin/: org.apache.solr.handler.admin.AdminHandlers
INFO  - 2013-11-19 12:20:29.841; org.apache.solr.core.RequestHandlers; created /admin/ping: solr.PingRequestHandler
INFO  - 2013-11-19 12:20:29.847; org.apache.solr.core.RequestHandlers; created /dataimport: org.apache.solr.handler.dataimport.DataImportHandler
INFO  - 2013-11-19 12:20:29.847; org.apache.solr.core.RequestHandlers; created /select: solr.SearchHandler
INFO  - 2013-11-19 12:20:29.848; org.apache.solr.handler.loader.XMLLoader; xsltCacheLifetimeSeconds=60
INFO  - 2013-11-19 12:20:29.850; org.apache.solr.search.SolrIndexSearcher; Opening Searcher@1ba73993 main
INFO  - 2013-11-19 12:20:29.850; org.apache.solr.update.CommitTracker; Hard AutoCommit: disabled
INFO  - 2013-11-19 12:20:29.851; org.apache.solr.update.CommitTracker; Soft AutoCommit: disabled
INFO  - 2013-11-19 12:20:29.855; org.apache.solr.core.CoreContainer; registering core: core_tr
INFO  - 2013-11-19 12:20:29.855; org.apache.solr.core.CoreContainer; Persisting cores config to solr/solr.xml
INFO  - 2013-11-19 12:20:29.855; org.apache.solr.core.SolrCore; [core_tr] Registered new searcher Searcher@1ba73993 main{StandardDirectoryReader(segments_1:1)}
INFO  - 2013-11-19 12:20:29.863; org.apache.solr.core.SolrXMLSerializer; Persisting cores config to solr/solr.xml
INFO  - 2013-11-19 12:20:29.864; org.apache.solr.servlet.SolrDispatchFilter; [admin] webapp=null path=/admin/cores params={schema=schema.xml&shard=&instanceDir=core_tr&indexInfo=false&name=core_tr&action=CREATE&config=solrconfig.xml&_=1384860029606&collection=&dataDir=data&wt=json} status=0 QTime=256 
INFO  - 2013-11-19 12:20:29.880; org.apache.solr.servlet.SolrDispatchFilter; [admin] webapp=null path=/admin/cores params={_=1384860029867&wt=json} status=0 QTime=11 
INFO  - 2013-11-19 12:20:34.857; org.apache.solr.servlet.SolrDispatchFilter; [admin] webapp=null path=/admin/cores params={_=1384860034835&wt=json} status=0 QTime=20 
INFO  - 2013-11-19 12:20:36.967; org.apache.solr.core.CoreContainer; Reloading SolrCore 'core_tr' using instanceDir: /home/smiledev/workspaces/workspace_solr_Camper/solr-4.3.1/example/solr/core_tr
INFO  - 2013-11-19 12:20:36.967; org.apache.solr.core.SolrResourceLoader; new SolrResourceLoader for directory: '/home/smiledev/workspaces/workspace_solr_Camper/solr-4.3.1/example/solr/core_tr/'
INFO  - 2013-11-19 12:20:36.968; org.apache.solr.core.SolrResourceLoader; Adding 'file:/home/smiledev/workspaces/workspace_solr_Camper/solr-4.3.1/example/solr/core_tr/lib/mysql.jar' to classloader
INFO  - 2013-11-19 12:20:36.979; org.apache.solr.core.SolrConfig; Adding specified lib dirs to ClassLoader
INFO  - 2013-11-19 12:20:36.980; org.apache.solr.core.SolrResourceLoader; Adding 'file:/home/smiledev/workspaces/workspace_solr_Camper/solr-4.3.1/dist/solr-dataimporthandler-extras-4.3.1.jar' to classloader
INFO  - 2013-11-19 12:20:36.980; org.apache.solr.core.SolrResourceLoader; Adding 'file:/home/smiledev/workspaces/workspace_solr_Camper/solr-4.3.1/dist/solr-dataimporthandler-4.3.1.jar' to classloader
INFO  - 2013-11-19 12:20:36.994; org.apache.solr.core.SolrConfig; Using Lucene MatchVersion: LUCENE_43
INFO  - 2013-11-19 12:20:37.027; org.apache.solr.core.SolrConfig; Loaded SolrConfig: solrconfig.xml
INFO  - 2013-11-19 12:20:37.027; org.apache.solr.schema.IndexSchema; Reading Solr Schema from schema.xml
INFO  - 2013-11-19 12:20:37.034; org.apache.solr.schema.IndexSchema; [core_tr] Schema name=db
INFO  - 2013-11-19 12:20:37.079; org.apache.solr.schema.IndexSchema; unique key field: product_id
INFO  - 2013-11-19 12:20:37.087; org.apache.solr.core.SolrCore; [core_tr] Opening new SolrCore at /home/smiledev/workspaces/workspace_solr_Camper/solr-4.3.1/example/solr/core_tr/, dataDir=/home/smiledev/workspaces/workspace_solr_Camper/solr-4.3.1/example/solr/core_tr/data/
INFO  - 2013-11-19 12:20:37.088; org.apache.solr.core.SolrCore; JMX monitoring not detected for core: core_tr
INFO  - 2013-11-19 12:20:37.088; org.apache.solr.core.SolrCore; New index directory detected: old=null new=/home/smiledev/workspaces/workspace_solr_Camper/solr-4.3.1/example/solr/core_tr/data/index/
INFO  - 2013-11-19 12:20:37.089; org.apache.solr.core.RequestHandlers; created /get: solr.RealTimeGetHandler
INFO  - 2013-11-19 12:20:37.089; org.apache.solr.core.RequestHandlers; adding lazy requestHandler: solr.ReplicationHandler
INFO  - 2013-11-19 12:20:37.089; org.apache.solr.core.RequestHandlers; created /replication: solr.ReplicationHandler
INFO  - 2013-11-19 12:20:37.089; org.apache.solr.core.RequestHandlers; created standard: solr.StandardRequestHandler
INFO  - 2013-11-19 12:20:37.089; org.apache.solr.core.RequestHandlers; adding lazy requestHandler: solr.FieldAnalysisRequestHandler
INFO  - 2013-11-19 12:20:37.089; org.apache.solr.core.RequestHandlers; created /analysis/field: solr.FieldAnalysisRequestHandler
INFO  - 2013-11-19 12:20:37.090; org.apache.solr.core.RequestHandlers; created /update: solr.UpdateRequestHandler
INFO  - 2013-11-19 12:20:37.090; org.apache.solr.core.RequestHandlers; created /admin/: org.apache.solr.handler.admin.AdminHandlers
INFO  - 2013-11-19 12:20:37.090; org.apache.solr.core.RequestHandlers; created /admin/ping: solr.PingRequestHandler
INFO  - 2013-11-19 12:20:37.093; org.apache.solr.core.RequestHandlers; created /dataimport: org.apache.solr.handler.dataimport.DataImportHandler
INFO  - 2013-11-19 12:20:37.094; org.apache.solr.core.RequestHandlers; created /select: solr.SearchHandler
INFO  - 2013-11-19 12:20:37.094; org.apache.solr.handler.loader.XMLLoader; xsltCacheLifetimeSeconds=60
INFO  - 2013-11-19 12:20:37.096; org.apache.solr.search.SolrIndexSearcher; Opening Searcher@5fecff21 main
INFO  - 2013-11-19 12:20:37.096; org.apache.solr.update.CommitTracker; Hard AutoCommit: disabled
INFO  - 2013-11-19 12:20:37.097; org.apache.solr.update.CommitTracker; Soft AutoCommit: disabled
INFO  - 2013-11-19 12:20:37.101; org.apache.solr.update.DefaultSolrCoreState; Creating new IndexWriter...
INFO  - 2013-11-19 12:20:37.101; org.apache.solr.update.DefaultSolrCoreState; Waiting until IndexWriter is unused... core=core_tr
INFO  - 2013-11-19 12:20:37.101; org.apache.solr.core.SolrCore; [core_tr] Registered new searcher Searcher@5fecff21 main{StandardDirectoryReader(segments_1:1)}
INFO  - 2013-11-19 12:20:37.103; org.apache.solr.core.SolrDeletionPolicy; SolrDeletionPolicy.onInit: commits:num=1
	commit{dir=/home/smiledev/workspaces/workspace_solr_Camper/solr-4.3.1/example/solr/core_tr/data/index,segFN=segments_1,generation=1,filenames=[segments_1]
INFO  - 2013-11-19 12:20:37.103; org.apache.solr.core.SolrDeletionPolicy; newest commit = 1[segments_1]
INFO  - 2013-11-19 12:20:37.103; org.apache.solr.update.DefaultSolrCoreState; New IndexWriter is ready to be used.
INFO  - 2013-11-19 12:20:37.104; org.apache.solr.search.SolrIndexSearcher; Opening Searcher@5e61cbbb main
INFO  - 2013-11-19 12:20:37.104; org.apache.solr.core.CoreContainer; replacing core: core_tr
INFO  - 2013-11-19 12:20:37.104; org.apache.solr.core.SolrCore; [core_tr]  CLOSING SolrCore org.apache.solr.core.SolrCore@4302eaff
INFO  - 2013-11-19 12:20:37.104; org.apache.solr.update.DirectUpdateHandler2; closing DirectUpdateHandler2{commits=0,autocommits=0,soft autocommits=0,optimizes=0,rollbacks=0,expungeDeletes=0,docsPending=0,adds=0,deletesById=0,deletesByQuery=0,errors=0,cumulative_adds=0,cumulative_deletesById=0,cumulative_deletesByQuery=0,cumulative_errors=0}
INFO  - 2013-11-19 12:20:37.105; org.apache.solr.core.SolrCore; [core_tr] Registered new searcher Searcher@5e61cbbb main{StandardDirectoryReader(segments_1:1:nrt)}
INFO  - 2013-11-19 12:20:37.105; org.apache.solr.core.SolrCore; [core_tr] Closing main searcher on request.
INFO  - 2013-11-19 12:20:37.105; org.apache.solr.servlet.SolrDispatchFilter; [admin] webapp=null path=/admin/cores params={action=RELOAD&_=1384860036937&core=core_tr&wt=json} status=0 QTime=139 
INFO  - 2013-11-19 12:20:37.120; org.apache.solr.servlet.SolrDispatchFilter; [admin] webapp=null path=/admin/cores params={_=1384860037108&wt=json} status=0 QTime=11 
INFO  - 2013-11-19 12:20:38.460; org.apache.solr.update.DirectUpdateHandler2; start commit{,optimize=true,openSearcher=true,waitSearcher=true,expungeDeletes=false,softCommit=false,prepareCommit=false}
INFO  - 2013-11-19 12:20:38.578; org.apache.solr.core.SolrDeletionPolicy; SolrDeletionPolicy.onCommit: commits:num=2
	commit{dir=/home/smiledev/workspaces/workspace_solr_Camper/solr-4.3.1/example/solr/core_tr/data/index,segFN=segments_1,generation=1,filenames=[segments_1]
	commit{dir=/home/smiledev/workspaces/workspace_solr_Camper/solr-4.3.1/example/solr/core_tr/data/index,segFN=segments_2,generation=2,filenames=[segments_2]
INFO  - 2013-11-19 12:20:38.578; org.apache.solr.core.SolrDeletionPolicy; newest commit = 2[segments_2]
INFO  - 2013-11-19 12:20:38.579; org.apache.solr.search.SolrIndexSearcher; Opening Searcher@64c0a4ae main
INFO  - 2013-11-19 12:20:38.579; org.apache.solr.update.DirectUpdateHandler2; end_commit_flush
INFO  - 2013-11-19 12:20:38.580; org.apache.solr.core.SolrCore; [core_tr] Registered new searcher Searcher@64c0a4ae main{StandardDirectoryReader(segments_1:1:nrt)}
INFO  - 2013-11-19 12:20:38.580; org.apache.solr.update.processor.LogUpdateProcessor; [core_tr] webapp=/solr path=/update params={optimize=true&_=1384860038448&wt=json&waitFlush=true} {optimize=} 0 126
INFO  - 2013-11-19 12:20:52.616; org.apache.solr.servlet.SolrDispatchFilter; [admin] webapp=null path=/admin/cores params={indexInfo=false&_=1384860052614&wt=json} status=0 QTime=0 
INFO  - 2013-11-19 12:20:52.629; org.apache.solr.core.SolrCore; [core_ca] webapp=/solr path=/admin/system params={_=1384860052624&wt=json} status=0 QTime=3 
INFO  - 2013-11-19 12:20:57.219; org.apache.solr.core.SolrCore; [core_tr] webapp=/solr path=/admin/file/ params={file=admin-extra.menu-bottom.html&_=1384860057202&contentType=text/html;charset%3Dutf-8} status=404 QTime=1 
INFO  - 2013-11-19 12:20:57.219; org.apache.solr.core.SolrCore; [core_tr] webapp=/solr path=/admin/file/ params={file=admin-extra.menu-top.html&_=1384860057201&contentType=text/html;charset%3Dutf-8} status=404 QTime=1 
INFO  - 2013-11-19 12:20:57.258; org.apache.solr.core.SolrCore; [core_tr] webapp=/solr path=/admin/luke params={numTerms=0&_=1384860057254&show=index&wt=json} status=0 QTime=1 
INFO  - 2013-11-19 12:20:57.270; org.apache.solr.handler.ReplicationHandler; Commits will be reserved for  10000
INFO  - 2013-11-19 12:20:57.271; org.apache.solr.core.SolrCore; [core_tr] webapp=/solr path=/replication params={command=details&_=1384860057256&wt=json} status=0 QTime=13 
INFO  - 2013-11-19 12:20:57.273; org.apache.solr.core.SolrCore; [core_tr] webapp=/solr path=/admin/file/ params={file=admin-extra.html&_=1384860057259} status=404 QTime=0 
INFO  - 2013-11-19 12:20:57.275; org.apache.solr.core.SolrCore; [core_tr] webapp=/solr path=/admin/ping params={action=status&_=1384860057260&wt=json} status=503 QTime=1 
INFO  - 2013-11-19 12:20:57.277; org.apache.solr.core.SolrCore; [core_tr] webapp=/solr path=/dataimport params={command=details&_=1384860057257&wt=json} status=0 QTime=4 
INFO  - 2013-11-19 12:20:58.454; org.apache.solr.core.SolrCore; [core_tr] webapp=/solr path=/admin/mbeans params={cat=QUERYHANDLER&_=1384860058449&wt=json} status=0 QTime=2 
INFO  - 2013-11-19 12:20:58.489; org.apache.solr.core.SolrCore; [core_tr] webapp=/solr path=/admin/mbeans params={cat=QUERYHANDLER&_=1384860058486&wt=json} status=0 QTime=1 
INFO  - 2013-11-19 12:20:58.490; org.apache.solr.core.SolrCore; [core_tr] webapp=/solr path=/dataimport params={indent=true&command=show-config&_=1384860058487} status=0 QTime=2 
INFO  - 2013-11-19 12:20:58.493; org.apache.solr.core.SolrCore; [core_tr] webapp=/solr path=/dataimport params={indent=true&command=status&_=1384860058489&wt=json} status=0 QTime=1 
INFO  - 2013-11-19 12:21:00.302; org.apache.solr.core.SolrCore; [core_tr] webapp=/solr path=/dataimport params={indent=true&command=status&_=1384860060297&wt=json} status=0 QTime=0 
INFO  - 2013-11-19 12:21:02.313; org.apache.solr.core.SolrCore; [core_tr] webapp=/solr path=/dataimport params={indent=true&command=status&_=1384860062310&wt=json} status=0 QTime=0 
INFO  - 2013-11-19 12:21:04.323; org.apache.solr.core.SolrCore; [core_tr] webapp=/solr path=/dataimport params={indent=true&command=status&_=1384860064321&wt=json} status=0 QTime=0 
INFO  - 2013-11-19 12:21:06.333; org.apache.solr.core.SolrCore; [core_tr] webapp=/solr path=/dataimport params={indent=true&command=status&_=1384860066330&wt=json} status=0 QTime=1 
INFO  - 2013-11-19 12:21:06.488; org.apache.solr.handler.dataimport.DataImporter; Loading DIH Configuration: data-config_DEV.xml
INFO  - 2013-11-19 12:21:06.495; org.apache.solr.handler.dataimport.config.ConfigParseUtil; product_id is a required field in SolrSchema . But not found in DataConfig
INFO  - 2013-11-19 12:21:06.497; org.apache.solr.handler.dataimport.config.ConfigParseUtil; product_id is a required field in SolrSchema . But not found in DataConfig
INFO  - 2013-11-19 12:21:06.497; org.apache.solr.handler.dataimport.DataImporter; Data Configuration loaded successfully
INFO  - 2013-11-19 12:21:06.498; org.apache.solr.core.SolrCore; [core_tr] webapp=/solr path=/dataimport params={optimize=true&indent=true&clean=true&commit=true&verbose=true&command=full-import&debug=false&wt=json} status=0 QTime=11 
INFO  - 2013-11-19 12:21:06.498; org.apache.solr.handler.dataimport.DataImporter; Starting Full Import
INFO  - 2013-11-19 12:21:06.501; org.apache.solr.core.SolrCore; [core_tr] webapp=/solr path=/dataimport params={indent=true&command=status&_=1384860066499&wt=json} status=0 QTime=0 
INFO  - 2013-11-19 12:21:06.508; org.apache.solr.handler.dataimport.SimplePropertiesWriter; Read dataimport.properties
INFO  - 2013-11-19 12:21:06.593; org.apache.solr.handler.dataimport.JdbcDataSource$1; Creating a connection for entity product with URL: jdbc:mysql://localhost/integra_solr_camper
INFO  - 2013-11-19 12:21:06.741; org.apache.solr.handler.dataimport.JdbcDataSource$1; Time taken for getConnection(): 148
INFO  - 2013-11-19 12:21:08.342; org.apache.solr.core.SolrCore; [core_tr] webapp=/solr path=/dataimport params={indent=true&command=status&_=1384860068340&wt=json} status=0 QTime=0 
INFO  - 2013-11-19 12:21:10.016; org.apache.solr.handler.dataimport.JdbcDataSource$1; Creating a connection for entity content with URL: jdbc:mysql://localhost/solr_camper
INFO  - 2013-11-19 12:21:10.068; org.apache.solr.handler.dataimport.JdbcDataSource$1; Time taken for getConnection(): 51
INFO  - 2013-11-19 12:21:10.069; org.apache.solr.handler.dataimport.DocBuilder; Import completed successfully
INFO  - 2013-11-19 12:21:10.069; org.apache.solr.update.DirectUpdateHandler2; start commit{,optimize=true,openSearcher=true,waitSearcher=true,expungeDeletes=false,softCommit=false,prepareCommit=false}
INFO  - 2013-11-19 12:21:10.351; org.apache.solr.core.SolrCore; [core_tr] webapp=/solr path=/dataimport params={indent=true&command=status&_=1384860070348&wt=json} status=0 QTime=1 
INFO  - 2013-11-19 12:21:10.772; org.apache.solr.core.SolrDeletionPolicy; SolrDeletionPolicy.onCommit: commits:num=2
	commit{dir=/home/smiledev/workspaces/workspace_solr_Camper/solr-4.3.1/example/solr/core_tr/data/index,segFN=segments_2,generation=2,filenames=[segments_2]
	commit{dir=/home/smiledev/workspaces/workspace_solr_Camper/solr-4.3.1/example/solr/core_tr/data/index,segFN=segments_3,generation=3,filenames=[_0.fnm, _0_Lucene41_0.doc, _0_Lucene41_0.pos, _0.nvd, _0.fdx, _0.si, _0.nvm, _0_Lucene41_0.tim, _0.fdt, _0_Lucene41_0.tip, segments_3]
INFO  - 2013-11-19 12:21:10.773; org.apache.solr.core.SolrDeletionPolicy; newest commit = 3[_0.fnm, _0_Lucene41_0.doc, _0_Lucene41_0.pos, _0.nvd, _0.fdx, _0.si, _0.nvm, _0_Lucene41_0.tim, _0.fdt, _0_Lucene41_0.tip, segments_3]
INFO  - 2013-11-19 12:21:10.780; org.apache.solr.search.SolrIndexSearcher; Opening Searcher@5da3af98 main
INFO  - 2013-11-19 12:21:10.780; org.apache.solr.update.DirectUpdateHandler2; end_commit_flush
INFO  - 2013-11-19 12:21:10.780; org.apache.solr.core.SolrCore; [core_tr] Registered new searcher Searcher@5da3af98 main{StandardDirectoryReader(segments_3:3:nrt _0(4.3.1):C262)}
INFO  - 2013-11-19 12:21:10.781; org.apache.solr.handler.dataimport.SimplePropertiesWriter; Read dataimport.properties
INFO  - 2013-11-19 12:21:10.784; org.apache.solr.handler.dataimport.SimplePropertiesWriter; Wrote last indexed time to dataimport.properties
INFO  - 2013-11-19 12:21:10.784; org.apache.solr.handler.dataimport.DocBuilder; Time taken = 0:0:4.275
INFO  - 2013-11-19 12:21:10.784; org.apache.solr.update.processor.LogUpdateProcessor; [core_tr] webapp=/solr path=/dataimport params={optimize=true&indent=true&clean=true&commit=true&verbose=true&command=full-import&debug=false&wt=json} status=0 QTime=11 {deleteByQuery=*:* (-1452131029139587072),add=[16002-198 (1452131032190943232), 16002-199 (1452131032228691968), 16732-116 (1452131032233934848), 16732-118 (1452131032238129152), 17408-085 (1452131032242323456), 17665-011 (1452131032248614912), 17665-014 (1452131032255954944), 17665-077 (1452131032264343552), 18008-058 (1452131032273780736), 18222-018 (1452131032286363648), ... (262 adds)],optimize=} 0 11
INFO  - 2013-11-19 12:21:12.366; org.apache.solr.core.SolrCore; [core_tr] webapp=/solr path=/dataimport params={indent=true&command=status&_=1384860072364&wt=json} status=0 QTime=0 
INFO  - 2013-11-19 12:21:14.381; org.apache.solr.core.SolrCore; [core_tr] webapp=/solr path=/dataimport params={indent=true&command=status&_=1384860074378&wt=json} status=0 QTime=1 
INFO  - 2013-11-19 12:21:17.494; org.apache.solr.core.SolrCore; [core_tr] webapp=/solr path=/select params={indent=true&q=*:*&_=1384860077476&wt=xml} hits=262 status=0 QTime=15 
INFO  - 2013-11-19 12:32:17.697; org.eclipse.jetty.server.Server; Graceful shutdown SocketConnector@0.0.0.0:8983
INFO  - 2013-11-19 12:32:17.697; org.eclipse.jetty.server.Server; Graceful shutdown o.e.j.w.WebAppContext{/solr,file:/home/smiledev/workspaces/workspace_solr_Camper/solr-4.3.1/example/solr-webapp/webapp/},/home/smiledev/workspaces/workspace_solr_Camper/solr-4.3.1/example/webapps/solr.war
INFO  - 2013-11-19 12:32:18.698; org.apache.solr.core.CoreContainer; Shutting down CoreContainer instance=1498833091
INFO  - 2013-11-19 12:32:18.700; org.apache.solr.core.SolrCore; [core_es]  CLOSING SolrCore org.apache.solr.core.SolrCore@15c9b61
INFO  - 2013-11-19 12:32:18.701; org.apache.solr.update.DirectUpdateHandler2; closing DirectUpdateHandler2{commits=0,autocommits=0,soft autocommits=0,optimizes=0,rollbacks=0,expungeDeletes=0,docsPending=0,adds=0,deletesById=0,deletesByQuery=0,errors=0,cumulative_adds=0,cumulative_deletesById=0,cumulative_deletesByQuery=0,cumulative_errors=0}
INFO  - 2013-11-19 12:32:18.701; org.apache.solr.update.SolrCoreState; Closing SolrCoreState
INFO  - 2013-11-19 12:32:18.701; org.apache.solr.update.DefaultSolrCoreState; SolrCoreState ref count has reached 0 - closing IndexWriter
INFO  - 2013-11-19 12:32:18.701; org.apache.solr.update.DefaultSolrCoreState; closing IndexWriter with IndexWriterCloser
INFO  - 2013-11-19 12:32:18.702; org.apache.solr.core.SolrCore; [core_es] Closing main searcher on request.
INFO  - 2013-11-19 12:32:18.703; org.apache.solr.core.CachingDirectoryFactory; Closing StandardDirectoryFactory - 2 directories currently being tracked
INFO  - 2013-11-19 12:32:18.704; org.apache.solr.core.CachingDirectoryFactory; looking to close /home/smiledev/workspaces/workspace_solr_Camper/solr-4.3.1/example/solr/core_es/data/index [CachedDir<<refCount=0;path=/home/smiledev/workspaces/workspace_solr_Camper/solr-4.3.1/example/solr/core_es/data/index;done=false>>]
INFO  - 2013-11-19 12:32:18.704; org.apache.solr.core.CachingDirectoryFactory; Closing directory: /home/smiledev/workspaces/workspace_solr_Camper/solr-4.3.1/example/solr/core_es/data/index
INFO  - 2013-11-19 12:32:18.704; org.apache.solr.core.CachingDirectoryFactory; looking to close /home/smiledev/workspaces/workspace_solr_Camper/solr-4.3.1/example/solr/core_es/data [CachedDir<<refCount=0;path=/home/smiledev/workspaces/workspace_solr_Camper/solr-4.3.1/example/solr/core_es/data;done=false>>]
INFO  - 2013-11-19 12:32:18.704; org.apache.solr.core.CachingDirectoryFactory; Closing directory: /home/smiledev/workspaces/workspace_solr_Camper/solr-4.3.1/example/solr/core_es/data
INFO  - 2013-11-19 12:32:18.705; org.apache.solr.core.SolrCore; [core_en]  CLOSING SolrCore org.apache.solr.core.SolrCore@2370e095
INFO  - 2013-11-19 12:32:18.706; org.apache.solr.update.DirectUpdateHandler2; closing DirectUpdateHandler2{commits=0,autocommits=0,soft autocommits=0,optimizes=0,rollbacks=0,expungeDeletes=0,docsPending=0,adds=0,deletesById=0,deletesByQuery=0,errors=0,cumulative_adds=0,cumulative_deletesById=0,cumulative_deletesByQuery=0,cumulative_errors=0}
INFO  - 2013-11-19 12:32:18.706; org.apache.solr.update.SolrCoreState; Closing SolrCoreState
INFO  - 2013-11-19 12:32:18.706; org.apache.solr.update.DefaultSolrCoreState; SolrCoreState ref count has reached 0 - closing IndexWriter
INFO  - 2013-11-19 12:32:18.706; org.apache.solr.update.DefaultSolrCoreState; closing IndexWriter with IndexWriterCloser
INFO  - 2013-11-19 12:32:18.707; org.apache.solr.core.SolrCore; [core_en] Closing main searcher on request.
INFO  - 2013-11-19 12:32:18.708; org.apache.solr.core.CachingDirectoryFactory; Closing StandardDirectoryFactory - 2 directories currently being tracked
INFO  - 2013-11-19 12:32:18.708; org.apache.solr.core.CachingDirectoryFactory; looking to close /home/smiledev/workspaces/workspace_solr_Camper/solr-4.3.1/example/solr/core_en/data [CachedDir<<refCount=0;path=/home/smiledev/workspaces/workspace_solr_Camper/solr-4.3.1/example/solr/core_en/data;done=false>>]
INFO  - 2013-11-19 12:32:18.708; org.apache.solr.core.CachingDirectoryFactory; Closing directory: /home/smiledev/workspaces/workspace_solr_Camper/solr-4.3.1/example/solr/core_en/data
INFO  - 2013-11-19 12:32:18.708; org.apache.solr.core.CachingDirectoryFactory; looking to close /home/smiledev/workspaces/workspace_solr_Camper/solr-4.3.1/example/solr/core_en/data/index [CachedDir<<refCount=0;path=/home/smiledev/workspaces/workspace_solr_Camper/solr-4.3.1/example/solr/core_en/data/index;done=false>>]
INFO  - 2013-11-19 12:32:18.709; org.apache.solr.core.CachingDirectoryFactory; Closing directory: /home/smiledev/workspaces/workspace_solr_Camper/solr-4.3.1/example/solr/core_en/data/index
INFO  - 2013-11-19 12:32:18.710; org.apache.solr.core.SolrCore; [core_fr]  CLOSING SolrCore org.apache.solr.core.SolrCore@36a61b31
INFO  - 2013-11-19 12:32:18.710; org.apache.solr.update.DirectUpdateHandler2; closing DirectUpdateHandler2{commits=0,autocommits=0,soft autocommits=0,optimizes=0,rollbacks=0,expungeDeletes=0,docsPending=0,adds=0,deletesById=0,deletesByQuery=0,errors=0,cumulative_adds=0,cumulative_deletesById=0,cumulative_deletesByQuery=0,cumulative_errors=0}
INFO  - 2013-11-19 12:32:18.710; org.apache.solr.update.SolrCoreState; Closing SolrCoreState
INFO  - 2013-11-19 12:32:18.710; org.apache.solr.update.DefaultSolrCoreState; SolrCoreState ref count has reached 0 - closing IndexWriter
INFO  - 2013-11-19 12:32:18.711; org.apache.solr.update.DefaultSolrCoreState; closing IndexWriter with IndexWriterCloser
INFO  - 2013-11-19 12:32:18.711; org.apache.solr.core.SolrCore; [core_fr] Closing main searcher on request.
INFO  - 2013-11-19 12:32:18.712; org.apache.solr.core.CachingDirectoryFactory; Closing StandardDirectoryFactory - 2 directories currently being tracked
INFO  - 2013-11-19 12:32:18.712; org.apache.solr.core.CachingDirectoryFactory; looking to close /home/smiledev/workspaces/workspace_solr_Camper/solr-4.3.1/example/solr/core_fr/data/index [CachedDir<<refCount=0;path=/home/smiledev/workspaces/workspace_solr_Camper/solr-4.3.1/example/solr/core_fr/data/index;done=false>>]
INFO  - 2013-11-19 12:32:18.712; org.apache.solr.core.CachingDirectoryFactory; Closing directory: /home/smiledev/workspaces/workspace_solr_Camper/solr-4.3.1/example/solr/core_fr/data/index
INFO  - 2013-11-19 12:32:18.712; org.apache.solr.core.CachingDirectoryFactory; looking to close /home/smiledev/workspaces/workspace_solr_Camper/solr-4.3.1/example/solr/core_fr/data [CachedDir<<refCount=0;path=/home/smiledev/workspaces/workspace_solr_Camper/solr-4.3.1/example/solr/core_fr/data;done=false>>]
INFO  - 2013-11-19 12:32:18.712; org.apache.solr.core.CachingDirectoryFactory; Closing directory: /home/smiledev/workspaces/workspace_solr_Camper/solr-4.3.1/example/solr/core_fr/data
INFO  - 2013-11-19 12:32:18.712; org.apache.solr.core.SolrCore; [core_it]  CLOSING SolrCore org.apache.solr.core.SolrCore@5489f73f
INFO  - 2013-11-19 12:32:18.713; org.apache.solr.update.DirectUpdateHandler2; closing DirectUpdateHandler2{commits=0,autocommits=0,soft autocommits=0,optimizes=0,rollbacks=0,expungeDeletes=0,docsPending=0,adds=0,deletesById=0,deletesByQuery=0,errors=0,cumulative_adds=0,cumulative_deletesById=0,cumulative_deletesByQuery=0,cumulative_errors=0}
INFO  - 2013-11-19 12:32:18.713; org.apache.solr.update.SolrCoreState; Closing SolrCoreState
INFO  - 2013-11-19 12:32:18.713; org.apache.solr.update.DefaultSolrCoreState; SolrCoreState ref count has reached 0 - closing IndexWriter
INFO  - 2013-11-19 12:32:18.713; org.apache.solr.update.DefaultSolrCoreState; closing IndexWriter with IndexWriterCloser
INFO  - 2013-11-19 12:32:18.714; org.apache.solr.core.SolrCore; [core_it] Closing main searcher on request.
INFO  - 2013-11-19 12:32:18.714; org.apache.solr.core.CachingDirectoryFactory; Closing StandardDirectoryFactory - 2 directories currently being tracked
INFO  - 2013-11-19 12:32:18.714; org.apache.solr.core.CachingDirectoryFactory; looking to close /home/smiledev/workspaces/workspace_solr_Camper/solr-4.3.1/example/solr/core_it/data/index [CachedDir<<refCount=0;path=/home/smiledev/workspaces/workspace_solr_Camper/solr-4.3.1/example/solr/core_it/data/index;done=false>>]
INFO  - 2013-11-19 12:32:18.714; org.apache.solr.core.CachingDirectoryFactory; Closing directory: /home/smiledev/workspaces/workspace_solr_Camper/solr-4.3.1/example/solr/core_it/data/index
INFO  - 2013-11-19 12:32:18.715; org.apache.solr.core.CachingDirectoryFactory; looking to close /home/smiledev/workspaces/workspace_solr_Camper/solr-4.3.1/example/solr/core_it/data [CachedDir<<refCount=0;path=/home/smiledev/workspaces/workspace_solr_Camper/solr-4.3.1/example/solr/core_it/data;done=false>>]
INFO  - 2013-11-19 12:32:18.715; org.apache.solr.core.CachingDirectoryFactory; Closing directory: /home/smiledev/workspaces/workspace_solr_Camper/solr-4.3.1/example/solr/core_it/data
INFO  - 2013-11-19 12:32:18.715; org.apache.solr.core.SolrCore; [core_ca]  CLOSING SolrCore org.apache.solr.core.SolrCore@7dee8a4b
INFO  - 2013-11-19 12:32:18.715; org.apache.solr.update.DirectUpdateHandler2; closing DirectUpdateHandler2{commits=0,autocommits=0,soft autocommits=0,optimizes=0,rollbacks=0,expungeDeletes=0,docsPending=0,adds=0,deletesById=0,deletesByQuery=0,errors=0,cumulative_adds=0,cumulative_deletesById=0,cumulative_deletesByQuery=0,cumulative_errors=0}
INFO  - 2013-11-19 12:32:18.716; org.apache.solr.update.SolrCoreState; Closing SolrCoreState
INFO  - 2013-11-19 12:32:18.716; org.apache.solr.update.DefaultSolrCoreState; SolrCoreState ref count has reached 0 - closing IndexWriter
INFO  - 2013-11-19 12:32:18.716; org.apache.solr.update.DefaultSolrCoreState; closing IndexWriter with IndexWriterCloser
INFO  - 2013-11-19 12:32:18.717; org.apache.solr.core.SolrCore; [core_ca] Closing main searcher on request.
INFO  - 2013-11-19 12:32:18.717; org.apache.solr.core.CachingDirectoryFactory; Closing StandardDirectoryFactory - 2 directories currently being tracked
INFO  - 2013-11-19 12:32:18.717; org.apache.solr.core.CachingDirectoryFactory; looking to close /home/smiledev/workspaces/workspace_solr_Camper/solr-4.3.1/example/solr/core_ca/data/index [CachedDir<<refCount=0;path=/home/smiledev/workspaces/workspace_solr_Camper/solr-4.3.1/example/solr/core_ca/data/index;done=false>>]
INFO  - 2013-11-19 12:32:18.718; org.apache.solr.core.CachingDirectoryFactory; Closing directory: /home/smiledev/workspaces/workspace_solr_Camper/solr-4.3.1/example/solr/core_ca/data/index
INFO  - 2013-11-19 12:32:18.718; org.apache.solr.core.CachingDirectoryFactory; looking to close /home/smiledev/workspaces/workspace_solr_Camper/solr-4.3.1/example/solr/core_ca/data [CachedDir<<refCount=0;path=/home/smiledev/workspaces/workspace_solr_Camper/solr-4.3.1/example/solr/core_ca/data;done=false>>]
INFO  - 2013-11-19 12:32:18.718; org.apache.solr.core.CachingDirectoryFactory; Closing directory: /home/smiledev/workspaces/workspace_solr_Camper/solr-4.3.1/example/solr/core_ca/data
INFO  - 2013-11-19 12:32:18.718; org.apache.solr.core.SolrCore; [core_de]  CLOSING SolrCore org.apache.solr.core.SolrCore@1cb65f39
INFO  - 2013-11-19 12:32:18.719; org.apache.solr.update.DirectUpdateHandler2; closing DirectUpdateHandler2{commits=0,autocommits=0,soft autocommits=0,optimizes=0,rollbacks=0,expungeDeletes=0,docsPending=0,adds=0,deletesById=0,deletesByQuery=0,errors=0,cumulative_adds=0,cumulative_deletesById=0,cumulative_deletesByQuery=0,cumulative_errors=0}
INFO  - 2013-11-19 12:32:18.719; org.apache.solr.update.SolrCoreState; Closing SolrCoreState
INFO  - 2013-11-19 12:32:18.719; org.apache.solr.update.DefaultSolrCoreState; SolrCoreState ref count has reached 0 - closing IndexWriter
INFO  - 2013-11-19 12:32:18.719; org.apache.solr.update.DefaultSolrCoreState; closing IndexWriter with IndexWriterCloser
INFO  - 2013-11-19 12:32:18.719; org.apache.solr.core.SolrCore; [core_de] Closing main searcher on request.
INFO  - 2013-11-19 12:32:18.720; org.apache.solr.core.CachingDirectoryFactory; Closing StandardDirectoryFactory - 2 directories currently being tracked
INFO  - 2013-11-19 12:32:18.720; org.apache.solr.core.CachingDirectoryFactory; looking to close /home/smiledev/workspaces/workspace_solr_Camper/solr-4.3.1/example/solr/core_de/data [CachedDir<<refCount=0;path=/home/smiledev/workspaces/workspace_solr_Camper/solr-4.3.1/example/solr/core_de/data;done=false>>]
INFO  - 2013-11-19 12:32:18.720; org.apache.solr.core.CachingDirectoryFactory; Closing directory: /home/smiledev/workspaces/workspace_solr_Camper/solr-4.3.1/example/solr/core_de/data
INFO  - 2013-11-19 12:32:18.720; org.apache.solr.core.CachingDirectoryFactory; looking to close /home/smiledev/workspaces/workspace_solr_Camper/solr-4.3.1/example/solr/core_de/data/index [CachedDir<<refCount=0;path=/home/smiledev/workspaces/workspace_solr_Camper/solr-4.3.1/example/solr/core_de/data/index;done=false>>]
INFO  - 2013-11-19 12:32:18.721; org.apache.solr.core.CachingDirectoryFactory; Closing directory: /home/smiledev/workspaces/workspace_solr_Camper/solr-4.3.1/example/solr/core_de/data/index
INFO  - 2013-11-19 12:32:18.721; org.apache.solr.core.SolrCore; [core_mx]  CLOSING SolrCore org.apache.solr.core.SolrCore@7fb213a5
INFO  - 2013-11-19 12:32:18.721; org.apache.solr.update.DirectUpdateHandler2; closing DirectUpdateHandler2{commits=0,autocommits=0,soft autocommits=0,optimizes=0,rollbacks=0,expungeDeletes=0,docsPending=0,adds=0,deletesById=0,deletesByQuery=0,errors=0,cumulative_adds=0,cumulative_deletesById=0,cumulative_deletesByQuery=0,cumulative_errors=0}
INFO  - 2013-11-19 12:32:18.721; org.apache.solr.update.SolrCoreState; Closing SolrCoreState
INFO  - 2013-11-19 12:32:18.722; org.apache.solr.update.DefaultSolrCoreState; SolrCoreState ref count has reached 0 - closing IndexWriter
INFO  - 2013-11-19 12:32:18.722; org.apache.solr.update.DefaultSolrCoreState; closing IndexWriter with IndexWriterCloser
INFO  - 2013-11-19 12:32:18.723; org.apache.solr.core.SolrCore; [core_mx] Closing main searcher on request.
INFO  - 2013-11-19 12:32:18.723; org.apache.solr.core.CachingDirectoryFactory; Closing StandardDirectoryFactory - 2 directories currently being tracked
INFO  - 2013-11-19 12:32:18.723; org.apache.solr.core.CachingDirectoryFactory; looking to close /home/smiledev/workspaces/workspace_solr_Camper/solr-4.3.1/example/solr/core_mx/data [CachedDir<<refCount=0;path=/home/smiledev/workspaces/workspace_solr_Camper/solr-4.3.1/example/solr/core_mx/data;done=false>>]
INFO  - 2013-11-19 12:32:18.723; org.apache.solr.core.CachingDirectoryFactory; Closing directory: /home/smiledev/workspaces/workspace_solr_Camper/solr-4.3.1/example/solr/core_mx/data
INFO  - 2013-11-19 12:32:18.724; org.apache.solr.core.CachingDirectoryFactory; looking to close /home/smiledev/workspaces/workspace_solr_Camper/solr-4.3.1/example/solr/core_mx/data/index [CachedDir<<refCount=0;path=/home/smiledev/workspaces/workspace_solr_Camper/solr-4.3.1/example/solr/core_mx/data/index;done=false>>]
INFO  - 2013-11-19 12:32:18.724; org.apache.solr.core.CachingDirectoryFactory; Closing directory: /home/smiledev/workspaces/workspace_solr_Camper/solr-4.3.1/example/solr/core_mx/data/index
INFO  - 2013-11-19 12:32:18.724; org.apache.solr.core.SolrCore; [core_pt]  CLOSING SolrCore org.apache.solr.core.SolrCore@5c0bb1d5
INFO  - 2013-11-19 12:32:18.725; org.apache.solr.update.DirectUpdateHandler2; closing DirectUpdateHandler2{commits=0,autocommits=0,soft autocommits=0,optimizes=0,rollbacks=0,expungeDeletes=0,docsPending=0,adds=0,deletesById=0,deletesByQuery=0,errors=0,cumulative_adds=0,cumulative_deletesById=0,cumulative_deletesByQuery=0,cumulative_errors=0}
INFO  - 2013-11-19 12:32:18.725; org.apache.solr.update.SolrCoreState; Closing SolrCoreState
INFO  - 2013-11-19 12:32:18.725; org.apache.solr.update.DefaultSolrCoreState; SolrCoreState ref count has reached 0 - closing IndexWriter
INFO  - 2013-11-19 12:32:18.725; org.apache.solr.update.DefaultSolrCoreState; closing IndexWriter with IndexWriterCloser
INFO  - 2013-11-19 12:32:18.725; org.apache.solr.core.SolrCore; [core_pt] Closing main searcher on request.
INFO  - 2013-11-19 12:32:18.726; org.apache.solr.core.CachingDirectoryFactory; Closing StandardDirectoryFactory - 2 directories currently being tracked
INFO  - 2013-11-19 12:32:18.726; org.apache.solr.core.CachingDirectoryFactory; looking to close /home/smiledev/workspaces/workspace_solr_Camper/solr-4.3.1/example/solr/core_pt/data [CachedDir<<refCount=0;path=/home/smiledev/workspaces/workspace_solr_Camper/solr-4.3.1/example/solr/core_pt/data;done=false>>]
INFO  - 2013-11-19 12:32:18.726; org.apache.solr.core.CachingDirectoryFactory; Closing directory: /home/smiledev/workspaces/workspace_solr_Camper/solr-4.3.1/example/solr/core_pt/data
INFO  - 2013-11-19 12:32:18.726; org.apache.solr.core.CachingDirectoryFactory; looking to close /home/smiledev/workspaces/workspace_solr_Camper/solr-4.3.1/example/solr/core_pt/data/index [CachedDir<<refCount=0;path=/home/smiledev/workspaces/workspace_solr_Camper/solr-4.3.1/example/solr/core_pt/data/index;done=false>>]
INFO  - 2013-11-19 12:32:18.727; org.apache.solr.core.CachingDirectoryFactory; Closing directory: /home/smiledev/workspaces/workspace_solr_Camper/solr-4.3.1/example/solr/core_pt/data/index
INFO  - 2013-11-19 12:32:18.727; org.apache.solr.core.SolrCore; [core_ja]  CLOSING SolrCore org.apache.solr.core.SolrCore@7f74297a
INFO  - 2013-11-19 12:32:18.728; org.apache.solr.update.DirectUpdateHandler2; closing DirectUpdateHandler2{commits=0,autocommits=0,soft autocommits=0,optimizes=0,rollbacks=0,expungeDeletes=0,docsPending=0,adds=0,deletesById=0,deletesByQuery=0,errors=0,cumulative_adds=0,cumulative_deletesById=0,cumulative_deletesByQuery=0,cumulative_errors=0}
INFO  - 2013-11-19 12:32:18.728; org.apache.solr.update.SolrCoreState; Closing SolrCoreState
INFO  - 2013-11-19 12:32:18.728; org.apache.solr.update.DefaultSolrCoreState; SolrCoreState ref count has reached 0 - closing IndexWriter
INFO  - 2013-11-19 12:32:18.728; org.apache.solr.update.DefaultSolrCoreState; closing IndexWriter with IndexWriterCloser
INFO  - 2013-11-19 12:32:18.728; org.apache.solr.core.SolrCore; [core_ja] Closing main searcher on request.
INFO  - 2013-11-19 12:32:18.729; org.apache.solr.core.CachingDirectoryFactory; Closing StandardDirectoryFactory - 2 directories currently being tracked
INFO  - 2013-11-19 12:32:18.729; org.apache.solr.core.CachingDirectoryFactory; looking to close /home/smiledev/workspaces/workspace_solr_Camper/solr-4.3.1/example/solr/core_ja/data [CachedDir<<refCount=0;path=/home/smiledev/workspaces/workspace_solr_Camper/solr-4.3.1/example/solr/core_ja/data;done=false>>]
INFO  - 2013-11-19 12:32:18.729; org.apache.solr.core.CachingDirectoryFactory; Closing directory: /home/smiledev/workspaces/workspace_solr_Camper/solr-4.3.1/example/solr/core_ja/data
INFO  - 2013-11-19 12:32:18.729; org.apache.solr.core.CachingDirectoryFactory; looking to close /home/smiledev/workspaces/workspace_solr_Camper/solr-4.3.1/example/solr/core_ja/data/index [CachedDir<<refCount=0;path=/home/smiledev/workspaces/workspace_solr_Camper/solr-4.3.1/example/solr/core_ja/data/index;done=false>>]
INFO  - 2013-11-19 12:32:18.730; org.apache.solr.core.CachingDirectoryFactory; Closing directory: /home/smiledev/workspaces/workspace_solr_Camper/solr-4.3.1/example/solr/core_ja/data/index
INFO  - 2013-11-19 12:32:18.730; org.apache.solr.core.SolrCore; [core_zh]  CLOSING SolrCore org.apache.solr.core.SolrCore@1d7d3492
INFO  - 2013-11-19 12:32:18.730; org.apache.solr.update.DirectUpdateHandler2; closing DirectUpdateHandler2{commits=0,autocommits=0,soft autocommits=0,optimizes=0,rollbacks=0,expungeDeletes=0,docsPending=0,adds=0,deletesById=0,deletesByQuery=0,errors=0,cumulative_adds=0,cumulative_deletesById=0,cumulative_deletesByQuery=0,cumulative_errors=0}
INFO  - 2013-11-19 12:32:18.731; org.apache.solr.update.SolrCoreState; Closing SolrCoreState
INFO  - 2013-11-19 12:32:18.731; org.apache.solr.update.DefaultSolrCoreState; SolrCoreState ref count has reached 0 - closing IndexWriter
INFO  - 2013-11-19 12:32:18.731; org.apache.solr.update.DefaultSolrCoreState; closing IndexWriter with IndexWriterCloser
INFO  - 2013-11-19 12:32:18.731; org.apache.solr.core.SolrCore; [core_zh] Closing main searcher on request.
INFO  - 2013-11-19 12:32:18.732; org.apache.solr.core.CachingDirectoryFactory; Closing StandardDirectoryFactory - 2 directories currently being tracked
INFO  - 2013-11-19 12:32:18.732; org.apache.solr.core.CachingDirectoryFactory; looking to close /home/smiledev/workspaces/workspace_solr_Camper/solr-4.3.1/example/solr/core_zh/data [CachedDir<<refCount=0;path=/home/smiledev/workspaces/workspace_solr_Camper/solr-4.3.1/example/solr/core_zh/data;done=false>>]
INFO  - 2013-11-19 12:32:18.732; org.apache.solr.core.CachingDirectoryFactory; Closing directory: /home/smiledev/workspaces/workspace_solr_Camper/solr-4.3.1/example/solr/core_zh/data
INFO  - 2013-11-19 12:32:18.732; org.apache.solr.core.CachingDirectoryFactory; looking to close /home/smiledev/workspaces/workspace_solr_Camper/solr-4.3.1/example/solr/core_zh/data/index [CachedDir<<refCount=0;path=/home/smiledev/workspaces/workspace_solr_Camper/solr-4.3.1/example/solr/core_zh/data/index;done=false>>]
INFO  - 2013-11-19 12:32:18.733; org.apache.solr.core.CachingDirectoryFactory; Closing directory: /home/smiledev/workspaces/workspace_solr_Camper/solr-4.3.1/example/solr/core_zh/data/index
INFO  - 2013-11-19 12:32:18.733; org.apache.solr.core.SolrCore; [core_ru]  CLOSING SolrCore org.apache.solr.core.SolrCore@3b09b61d
INFO  - 2013-11-19 12:32:18.733; org.apache.solr.update.DirectUpdateHandler2; closing DirectUpdateHandler2{commits=0,autocommits=0,soft autocommits=0,optimizes=0,rollbacks=0,expungeDeletes=0,docsPending=0,adds=0,deletesById=0,deletesByQuery=0,errors=0,cumulative_adds=0,cumulative_deletesById=0,cumulative_deletesByQuery=0,cumulative_errors=0}
INFO  - 2013-11-19 12:32:18.734; org.apache.solr.update.SolrCoreState; Closing SolrCoreState
INFO  - 2013-11-19 12:32:18.734; org.apache.solr.update.DefaultSolrCoreState; SolrCoreState ref count has reached 0 - closing IndexWriter
INFO  - 2013-11-19 12:32:18.734; org.apache.solr.update.DefaultSolrCoreState; closing IndexWriter with IndexWriterCloser
INFO  - 2013-11-19 12:32:18.734; org.apache.solr.core.SolrCore; [core_ru] Closing main searcher on request.
INFO  - 2013-11-19 12:32:18.735; org.apache.solr.core.CachingDirectoryFactory; Closing StandardDirectoryFactory - 2 directories currently being tracked
INFO  - 2013-11-19 12:32:18.735; org.apache.solr.core.CachingDirectoryFactory; looking to close /home/smiledev/workspaces/workspace_solr_Camper/solr-4.3.1/example/solr/core_ru/data [CachedDir<<refCount=0;path=/home/smiledev/workspaces/workspace_solr_Camper/solr-4.3.1/example/solr/core_ru/data;done=false>>]
INFO  - 2013-11-19 12:32:18.735; org.apache.solr.core.CachingDirectoryFactory; Closing directory: /home/smiledev/workspaces/workspace_solr_Camper/solr-4.3.1/example/solr/core_ru/data
INFO  - 2013-11-19 12:32:18.736; org.apache.solr.core.CachingDirectoryFactory; looking to close /home/smiledev/workspaces/workspace_solr_Camper/solr-4.3.1/example/solr/core_ru/data/index [CachedDir<<refCount=0;path=/home/smiledev/workspaces/workspace_solr_Camper/solr-4.3.1/example/solr/core_ru/data/index;done=false>>]
INFO  - 2013-11-19 12:32:18.736; org.apache.solr.core.CachingDirectoryFactory; Closing directory: /home/smiledev/workspaces/workspace_solr_Camper/solr-4.3.1/example/solr/core_ru/data/index
INFO  - 2013-11-19 12:32:18.736; org.apache.solr.core.SolrCore; [core_tr]  CLOSING SolrCore org.apache.solr.core.SolrCore@2012e4d
INFO  - 2013-11-19 12:32:18.736; org.apache.solr.update.DirectUpdateHandler2; closing DirectUpdateHandler2{commits=0,autocommits=0,soft autocommits=0,optimizes=2,rollbacks=0,expungeDeletes=0,docsPending=0,adds=0,deletesById=0,deletesByQuery=0,errors=0,cumulative_adds=262,cumulative_deletesById=0,cumulative_deletesByQuery=1,cumulative_errors=0}
INFO  - 2013-11-19 12:32:18.737; org.apache.solr.update.SolrCoreState; Closing SolrCoreState
INFO  - 2013-11-19 12:32:18.737; org.apache.solr.update.DefaultSolrCoreState; SolrCoreState ref count has reached 0 - closing IndexWriter
INFO  - 2013-11-19 12:32:18.737; org.apache.solr.update.DefaultSolrCoreState; closing IndexWriter with IndexWriterCloser
INFO  - 2013-11-19 12:32:18.738; org.apache.solr.core.SolrCore; [core_tr] Closing main searcher on request.
INFO  - 2013-11-19 12:32:18.739; org.apache.solr.core.CachingDirectoryFactory; Closing StandardDirectoryFactory - 2 directories currently being tracked
INFO  - 2013-11-19 12:32:18.739; org.apache.solr.core.CachingDirectoryFactory; looking to close /home/smiledev/workspaces/workspace_solr_Camper/solr-4.3.1/example/solr/core_tr/data/index [CachedDir<<refCount=0;path=/home/smiledev/workspaces/workspace_solr_Camper/solr-4.3.1/example/solr/core_tr/data/index;done=false>>]
INFO  - 2013-11-19 12:32:18.739; org.apache.solr.core.CachingDirectoryFactory; Closing directory: /home/smiledev/workspaces/workspace_solr_Camper/solr-4.3.1/example/solr/core_tr/data/index
INFO  - 2013-11-19 12:32:18.739; org.apache.solr.core.CachingDirectoryFactory; looking to close /home/smiledev/workspaces/workspace_solr_Camper/solr-4.3.1/example/solr/core_tr/data [CachedDir<<refCount=0;path=/home/smiledev/workspaces/workspace_solr_Camper/solr-4.3.1/example/solr/core_tr/data;done=false>>]
INFO  - 2013-11-19 12:32:18.739; org.apache.solr.core.CachingDirectoryFactory; Closing directory: /home/smiledev/workspaces/workspace_solr_Camper/solr-4.3.1/example/solr/core_tr/data
INFO  - 2013-11-19 12:32:18.740; org.eclipse.jetty.server.handler.ContextHandler; stopped o.e.j.w.WebAppContext{/solr,file:/home/smiledev/workspaces/workspace_solr_Camper/solr-4.3.1/example/solr-webapp/webapp/},/home/smiledev/workspaces/workspace_solr_Camper/solr-4.3.1/example/webapps/solr.war
INFO  - 2013-11-19 12:32:18.794; org.eclipse.jetty.util.thread.ShutdownThread; shutdown already commenced
